info it worked if it ends with ok
verbose cli [ 'node', '/usr/local/bin/npm', 'publish', '--force' ]
info using npm@1.0.103
info using node@v0.4.12
verbose config file /Users/craig/.npmrc
verbose config file /usr/local/etc/npmrc
verbose config file /usr/local/lib/node_modules/npm/npmrc
verbose publish [ '.' ]
silly testEngine { name: 'celeri',
silly testEngine   description: 'CLI lib',
silly testEngine   version: '0.1.0',
silly testEngine   author: { name: 'Craig Condon' },
silly testEngine   repository: 
silly testEngine    { type: 'git',
silly testEngine      url: 'git://github.com/spiceapps/celeri.git' },
silly testEngine   directories: { lib: './lib' },
silly testEngine   dependencies: { structr: '0.0.10', beanpole: '*', colors: '*' },
silly testEngine   main: './lib/index.js',
silly testEngine   _npmUser: { name: 'architectd', email: 'craig@spiceapps.com' },
silly testEngine   _id: 'celeri@0.1.0',
silly testEngine   devDependencies: {},
silly testEngine   engines: { node: '*' },
silly testEngine   _engineSupported: true,
silly testEngine   _npmVersion: '1.0.103',
silly testEngine   _nodeVersion: 'v0.4.12',
silly testEngine   _defaultsLoaded: true,
silly testEngine   scripts: {} }
verbose caching /Users/craig/Dropbox/Developer/Public/celeri/package.json
verbose loadDefaults celeri@0.1.0
info prepublish celeri@0.1.0
verbose cache add [ '.', null ]
silly cache add: name, spec, args [ undefined, '.', [ '.', null ] ]
verbose parsed url { pathname: '.', href: '.' }
silly testEngine { name: 'celeri',
silly testEngine   description: 'CLI lib',
silly testEngine   version: '0.1.0',
silly testEngine   author: { name: 'Craig Condon' },
silly testEngine   repository: 
silly testEngine    { type: 'git',
silly testEngine      url: 'git://github.com/spiceapps/celeri.git' },
silly testEngine   directories: { lib: './lib' },
silly testEngine   dependencies: { structr: '0.0.10', beanpole: '*', colors: '*' },
silly testEngine   main: './lib/index.js',
silly testEngine   _npmUser: { name: 'architectd', email: 'craig@spiceapps.com' },
silly testEngine   _id: 'celeri@0.1.0',
silly testEngine   devDependencies: {},
silly testEngine   engines: { node: '*' },
silly testEngine   _engineSupported: true,
silly testEngine   _npmVersion: '1.0.103',
silly testEngine   _nodeVersion: 'v0.4.12',
silly testEngine   _defaultsLoaded: true,
silly testEngine   path: '/Users/craig/Dropbox/Developer/Public/celeri',
silly testEngine   bundleDependencies: [] }
verbose caching package.json
verbose loadDefaults celeri@0.1.0
verbose pack /Users/craig/Dropbox/Developer/Public/celeri /var/folders/n1/r96x64mx6jzcbzkbz1ddrw6r0000gn/T/npm-1320526663081/1320526663081-0.4817378397565335/tmp.tgz
verbose mkdir (expected) error ENOENT, No such file or directory '/var/folders/n1/r96x64mx6jzcbzkbz1ddrw6r0000gn/T/npm-1320526663081'
verbose mkdir (expected) error ENOENT, No such file or directory '/var/folders/n1/r96x64mx6jzcbzkbz1ddrw6r0000gn/T/npm-1320526663081/1320526663081-0.4817378397565335'
verbose mkdir done: /var/folders/n1/r96x64mx6jzcbzkbz1ddrw6r0000gn/T/npm-1320526663081/1320526663081-0.4817378397565335 755
verbose mkdir'ed /var/folders/n1/r96x64mx6jzcbzkbz1ddrw6r0000gn/T/npm-1320526663081/1320526663081-0.4817378397565335
verbose tar about to write tar and gzip it.
silly tar args [ '-czvf', '-', '-T', '-' ]
silly spawning [ 'tar',
silly spawning   [ '-czvf', '-', '-T', '-' ],
silly spawning   '/Users/craig/Dropbox/Developer/Public' ]
verbose mkdir (expected) error ENOENT, No such file or directory '/var/folders/n1/r96x64mx6jzcbzkbz1ddrw6r0000gn/T/npm-1320526663081/1320526663081-0.4817378397565335/contents'
verbose mkdir (expected) error ENOENT, No such file or directory '/var/folders/n1/r96x64mx6jzcbzkbz1ddrw6r0000gn/T/npm-1320526663081/1320526663081-0.4817378397565335/contents/___package.npm'
verbose mkdir done: /var/folders/n1/r96x64mx6jzcbzkbz1ddrw6r0000gn/T/npm-1320526663081/1320526663081-0.4817378397565335/contents/___package.npm 755
verbose unpack_ uid, gid [ undefined, undefined ]
verbose unpackTarget /var/folders/n1/r96x64mx6jzcbzkbz1ddrw6r0000gn/T/npm-1320526663081/1320526663081-0.4817378397565335/contents/package
silly gunzTarPerm modes [ '755', '644' ]
silly spawning [ 'tar',
silly spawning   [ '-zmvxpf',
silly spawning     '/var/folders/n1/r96x64mx6jzcbzkbz1ddrw6r0000gn/T/npm-1320526663081/1320526663081-0.4817378397565335/tmp.tgz',
silly spawning     '-o' ],
silly spawning   '/var/folders/n1/r96x64mx6jzcbzkbz1ddrw6r0000gn/T/npm-1320526663081/1320526663081-0.4817378397565335/contents/___package.npm' ]
silly tar err x celeri/.cupboard
silly tar err x celeri/.cupboard (minimacblack's conflicted copy 2011-11-04)
silly tar err x celeri/.gitignore
silly tar err x celeri/MIT-LICENSE.txt
silly tar err x celeri/package.json
silly tar err x celeri/README.md
silly tar err x celeri/examples/auth.js
silly tar err x celeri/examples/authadv.js
silly tar err x celeri/examples/confirm.js
silly tar err x celeri/examples/exec.js
silly tar err x celeri/examples/hello.js
silly tar err x celeri/examples/hello2.js
silly tar err x celeri/examples/table.js
silly tar err x celeri/examples/tree.js
silly tar err x celeri/images/screen.png
silly tar err x celeri/lib/index.js
silly tar err x celeri/lib/utils.js
silly tar err x celeri/lib/modules/auth.js
silly tar err x celeri/lib/modules/backspace.js
silly tar err x celeri/lib/modules/confirm.js
silly tar err x celeri/lib/modules/enter.js
silly tar err x celeri/lib/modules/exec.js
silly tar err x celeri/lib/modules/help.js
silly tar err x celeri/lib/modules/history.js
silly tar err x celeri/lib/modules/loading.js
silly tar err x celeri/lib/modules/nav.js
silly tar err x celeri/lib/modules/password.js
silly tar err x celeri/lib/modules/progress.js
silly tar err x celeri/lib/modules/prompt.js
silly tar err x celeri/lib/modules/quit.js
silly tar err x celeri/lib/modules/section.js
silly tar err x celeri/lib/modules/table.js
silly tar err x celeri/lib/modules/tree.js
silly asyncMap in gTP /var/folders/n1/r96x64mx6jzcbzkbz1ddrw6r0000gn/T/npm-1320526663081/1320526663081-0.4817378397565335/contents/___package.npm/celeri
silly asyncMap in gTP /var/folders/n1/r96x64mx6jzcbzkbz1ddrw6r0000gn/T/npm-1320526663081/1320526663081-0.4817378397565335/contents/___package.npm/celeri/.cupboard
silly asyncMap in gTP /var/folders/n1/r96x64mx6jzcbzkbz1ddrw6r0000gn/T/npm-1320526663081/1320526663081-0.4817378397565335/contents/___package.npm/celeri/.cupboard (minimacblack's conflicted copy 2011-11-04)
silly asyncMap in gTP /var/folders/n1/r96x64mx6jzcbzkbz1ddrw6r0000gn/T/npm-1320526663081/1320526663081-0.4817378397565335/contents/___package.npm/celeri/.gitignore
silly asyncMap in gTP /var/folders/n1/r96x64mx6jzcbzkbz1ddrw6r0000gn/T/npm-1320526663081/1320526663081-0.4817378397565335/contents/___package.npm/celeri/MIT-LICENSE.txt
silly asyncMap in gTP /var/folders/n1/r96x64mx6jzcbzkbz1ddrw6r0000gn/T/npm-1320526663081/1320526663081-0.4817378397565335/contents/___package.npm/celeri/package.json
silly asyncMap in gTP /var/folders/n1/r96x64mx6jzcbzkbz1ddrw6r0000gn/T/npm-1320526663081/1320526663081-0.4817378397565335/contents/___package.npm/celeri/README.md
silly asyncMap in gTP /var/folders/n1/r96x64mx6jzcbzkbz1ddrw6r0000gn/T/npm-1320526663081/1320526663081-0.4817378397565335/contents/___package.npm/celeri/examples
silly asyncMap in gTP /var/folders/n1/r96x64mx6jzcbzkbz1ddrw6r0000gn/T/npm-1320526663081/1320526663081-0.4817378397565335/contents/___package.npm/celeri/examples/auth.js
silly asyncMap in gTP /var/folders/n1/r96x64mx6jzcbzkbz1ddrw6r0000gn/T/npm-1320526663081/1320526663081-0.4817378397565335/contents/___package.npm/celeri/examples/authadv.js
silly asyncMap in gTP /var/folders/n1/r96x64mx6jzcbzkbz1ddrw6r0000gn/T/npm-1320526663081/1320526663081-0.4817378397565335/contents/___package.npm/celeri/examples/confirm.js
silly asyncMap in gTP /var/folders/n1/r96x64mx6jzcbzkbz1ddrw6r0000gn/T/npm-1320526663081/1320526663081-0.4817378397565335/contents/___package.npm/celeri/examples/exec.js
silly asyncMap in gTP /var/folders/n1/r96x64mx6jzcbzkbz1ddrw6r0000gn/T/npm-1320526663081/1320526663081-0.4817378397565335/contents/___package.npm/celeri/examples/hello.js
silly asyncMap in gTP /var/folders/n1/r96x64mx6jzcbzkbz1ddrw6r0000gn/T/npm-1320526663081/1320526663081-0.4817378397565335/contents/___package.npm/celeri/examples/hello2.js
silly asyncMap in gTP /var/folders/n1/r96x64mx6jzcbzkbz1ddrw6r0000gn/T/npm-1320526663081/1320526663081-0.4817378397565335/contents/___package.npm/celeri/examples/table.js
silly asyncMap in gTP /var/folders/n1/r96x64mx6jzcbzkbz1ddrw6r0000gn/T/npm-1320526663081/1320526663081-0.4817378397565335/contents/___package.npm/celeri/examples/tree.js
silly asyncMap in gTP /var/folders/n1/r96x64mx6jzcbzkbz1ddrw6r0000gn/T/npm-1320526663081/1320526663081-0.4817378397565335/contents/___package.npm/celeri/images
silly asyncMap in gTP /var/folders/n1/r96x64mx6jzcbzkbz1ddrw6r0000gn/T/npm-1320526663081/1320526663081-0.4817378397565335/contents/___package.npm/celeri/images/screen.png
silly asyncMap in gTP /var/folders/n1/r96x64mx6jzcbzkbz1ddrw6r0000gn/T/npm-1320526663081/1320526663081-0.4817378397565335/contents/___package.npm/celeri/lib
silly asyncMap in gTP /var/folders/n1/r96x64mx6jzcbzkbz1ddrw6r0000gn/T/npm-1320526663081/1320526663081-0.4817378397565335/contents/___package.npm/celeri/lib/index.js
silly asyncMap in gTP /var/folders/n1/r96x64mx6jzcbzkbz1ddrw6r0000gn/T/npm-1320526663081/1320526663081-0.4817378397565335/contents/___package.npm/celeri/lib/utils.js
silly asyncMap in gTP /var/folders/n1/r96x64mx6jzcbzkbz1ddrw6r0000gn/T/npm-1320526663081/1320526663081-0.4817378397565335/contents/___package.npm/celeri/lib/modules
silly asyncMap in gTP /var/folders/n1/r96x64mx6jzcbzkbz1ddrw6r0000gn/T/npm-1320526663081/1320526663081-0.4817378397565335/contents/___package.npm/celeri/lib/modules/auth.js
silly asyncMap in gTP /var/folders/n1/r96x64mx6jzcbzkbz1ddrw6r0000gn/T/npm-1320526663081/1320526663081-0.4817378397565335/contents/___package.npm/celeri/lib/modules/backspace.js
silly asyncMap in gTP /var/folders/n1/r96x64mx6jzcbzkbz1ddrw6r0000gn/T/npm-1320526663081/1320526663081-0.4817378397565335/contents/___package.npm/celeri/lib/modules/confirm.js
silly asyncMap in gTP /var/folders/n1/r96x64mx6jzcbzkbz1ddrw6r0000gn/T/npm-1320526663081/1320526663081-0.4817378397565335/contents/___package.npm/celeri/lib/modules/enter.js
silly asyncMap in gTP /var/folders/n1/r96x64mx6jzcbzkbz1ddrw6r0000gn/T/npm-1320526663081/1320526663081-0.4817378397565335/contents/___package.npm/celeri/lib/modules/exec.js
silly asyncMap in gTP /var/folders/n1/r96x64mx6jzcbzkbz1ddrw6r0000gn/T/npm-1320526663081/1320526663081-0.4817378397565335/contents/___package.npm/celeri/lib/modules/help.js
silly asyncMap in gTP /var/folders/n1/r96x64mx6jzcbzkbz1ddrw6r0000gn/T/npm-1320526663081/1320526663081-0.4817378397565335/contents/___package.npm/celeri/lib/modules/history.js
silly asyncMap in gTP /var/folders/n1/r96x64mx6jzcbzkbz1ddrw6r0000gn/T/npm-1320526663081/1320526663081-0.4817378397565335/contents/___package.npm/celeri/lib/modules/loading.js
silly asyncMap in gTP /var/folders/n1/r96x64mx6jzcbzkbz1ddrw6r0000gn/T/npm-1320526663081/1320526663081-0.4817378397565335/contents/___package.npm/celeri/lib/modules/nav.js
silly asyncMap in gTP /var/folders/n1/r96x64mx6jzcbzkbz1ddrw6r0000gn/T/npm-1320526663081/1320526663081-0.4817378397565335/contents/___package.npm/celeri/lib/modules/password.js
silly asyncMap in gTP /var/folders/n1/r96x64mx6jzcbzkbz1ddrw6r0000gn/T/npm-1320526663081/1320526663081-0.4817378397565335/contents/___package.npm/celeri/lib/modules/progress.js
silly asyncMap in gTP /var/folders/n1/r96x64mx6jzcbzkbz1ddrw6r0000gn/T/npm-1320526663081/1320526663081-0.4817378397565335/contents/___package.npm/celeri/lib/modules/prompt.js
silly asyncMap in gTP /var/folders/n1/r96x64mx6jzcbzkbz1ddrw6r0000gn/T/npm-1320526663081/1320526663081-0.4817378397565335/contents/___package.npm/celeri/lib/modules/quit.js
silly asyncMap in gTP /var/folders/n1/r96x64mx6jzcbzkbz1ddrw6r0000gn/T/npm-1320526663081/1320526663081-0.4817378397565335/contents/___package.npm/celeri/lib/modules/section.js
silly asyncMap in gTP /var/folders/n1/r96x64mx6jzcbzkbz1ddrw6r0000gn/T/npm-1320526663081/1320526663081-0.4817378397565335/contents/___package.npm/celeri/lib/modules/table.js
silly asyncMap in gTP /var/folders/n1/r96x64mx6jzcbzkbz1ddrw6r0000gn/T/npm-1320526663081/1320526663081-0.4817378397565335/contents/___package.npm/celeri/lib/modules/tree.js
silly chmod .gitignore 755
silly chmod MIT-LICENSE.txt 755
silly chmod package.json 755
silly chmod README.md 755
silly chmod authadv.js 755
silly chmod confirm.js 755
silly chmod exec.js 755
silly chmod hello.js 755
silly chmod hello2.js 755
silly chmod table.js 755
silly chmod tree.js 755
silly chmod screen.png 755
silly chmod index.js 755
silly chmod utils.js 755
silly chmod backspace.js 755
silly chmod auth.js 755
silly chmod confirm.js 755
silly chmod enter.js 755
silly chmod help.js 755
silly chmod auth.js 755
silly chmod exec.js 755
silly chmod history.js 755
silly chmod nav.js 755
silly chmod password.js 755
silly chmod loading.js 755
silly chmod progress.js 755
silly chmod prompt.js 755
silly chmod quit.js 755
silly chmod section.js 755
silly chmod table.js 755
silly chmod tree.js 755
verbose gunzed /var/folders/n1/r96x64mx6jzcbzkbz1ddrw6r0000gn/T/npm-1320526663081/1320526663081-0.4817378397565335/contents/___package.npm/celeri
verbose rm'ed /var/folders/n1/r96x64mx6jzcbzkbz1ddrw6r0000gn/T/npm-1320526663081/1320526663081-0.4817378397565335/contents/package
verbose renamed [ '/var/folders/n1/r96x64mx6jzcbzkbz1ddrw6r0000gn/T/npm-1320526663081/1320526663081-0.4817378397565335/contents/___package.npm/celeri',
verbose renamed   '/var/folders/n1/r96x64mx6jzcbzkbz1ddrw6r0000gn/T/npm-1320526663081/1320526663081-0.4817378397565335/contents/package' ]
silly testEngine { name: 'celeri',
silly testEngine   description: 'CLI lib',
silly testEngine   version: '0.1.0',
silly testEngine   author: { name: 'Craig Condon' },
silly testEngine   repository: 
silly testEngine    { type: 'git',
silly testEngine      url: 'git://github.com/spiceapps/celeri.git' },
silly testEngine   directories: { lib: './lib' },
silly testEngine   dependencies: { structr: '0.0.10', beanpole: '*', colors: '*' },
silly testEngine   main: './lib/index.js',
silly testEngine   _npmUser: { name: 'architectd', email: 'craig@spiceapps.com' },
silly testEngine   _id: 'celeri@0.1.0',
silly testEngine   devDependencies: {},
silly testEngine   engines: { node: '*' },
silly testEngine   _engineSupported: true,
silly testEngine   _npmVersion: '1.0.103',
silly testEngine   _nodeVersion: 'v0.4.12',
silly testEngine   _defaultsLoaded: true,
silly testEngine   path: '/var/folders/n1/r96x64mx6jzcbzkbz1ddrw6r0000gn/T/npm-1320526663081/1320526663081-0.4817378397565335/contents/package' }
verbose caching /var/folders/n1/r96x64mx6jzcbzkbz1ddrw6r0000gn/T/npm-1320526663081/1320526663081-0.4817378397565335/contents/package/package.json
verbose loadDefaults celeri@0.1.0
verbose tarball contents [ 'package' ]
verbose from cache /var/folders/n1/r96x64mx6jzcbzkbz1ddrw6r0000gn/T/npm-1320526663081/1320526663081-0.4817378397565335/contents/package/package.json
verbose pack /var/folders/n1/r96x64mx6jzcbzkbz1ddrw6r0000gn/T/npm-1320526663081/1320526663081-0.4817378397565335/contents/package /Users/craig/.npm/celeri/0.1.0/package.tgz
verbose mkdir'ed /Users/craig/.npm/celeri/0.1.0
verbose tar about to write tar and gzip it.
silly tar args [ '-czvf', '-', '-T', '-' ]
silly spawning [ 'tar',
silly spawning   [ '-czvf', '-', '-T', '-' ],
silly spawning   '/var/folders/n1/r96x64mx6jzcbzkbz1ddrw6r0000gn/T/npm-1320526663081/1320526663081-0.4817378397565335/contents' ]
verbose mkdir (expected) error ENOENT, No such file or directory '/Users/craig/.npm/celeri/0.1.0/___package.npm'
verbose mkdir done: /Users/craig/.npm/celeri/0.1.0/___package.npm 755
verbose unpack_ uid, gid [ undefined, undefined ]
verbose unpackTarget /Users/craig/.npm/celeri/0.1.0/package
silly gunzTarPerm modes [ '755', '644' ]
silly spawning [ 'tar',
silly spawning   [ '-zmvxpf',
silly spawning     '/Users/craig/.npm/celeri/0.1.0/package.tgz',
silly spawning     '-o' ],
silly spawning   '/Users/craig/.npm/celeri/0.1.0/___package.npm' ]
silly tar err x package/.cupboard
silly tar err x package/.cupboard (minimacblack's conflicted copy 2011-11-04)
silly tar err x package/.gitignore
silly tar err x package/MIT-LICENSE.txt
silly tar err x package/package.json
silly tar err x package/README.md
silly tar err x package/examples/auth.js
silly tar err x package/examples/authadv.js
silly tar err x package/examples/confirm.js
silly tar err x package/examples/exec.js
silly tar err x package/examples/hello.js
silly tar err x package/examples/hello2.js
silly tar err x package/examples/table.js
silly tar err x package/examples/tree.js
silly tar err x package/images/screen.png
silly tar err x package/lib/index.js
silly tar err x package/lib/utils.js
silly tar err x package/lib/modules/auth.js
silly tar err x package/lib/modules/backspace.js
silly tar err x package/lib/modules/confirm.js
silly tar err x package/lib/modules/enter.js
silly tar err x package/lib/modules/exec.js
silly tar err x package/lib/modules/help.js
silly tar err x package/lib/modules/history.js
silly tar err x package/lib/modules/loading.js
silly tar err x package/lib/modules/nav.js
silly tar err x package/lib/modules/password.js
silly tar err x package/lib/modules/progress.js
silly tar err x package/lib/modules/prompt.js
silly tar err x package/lib/modules/quit.js
silly tar err x package/lib/modules/section.js
silly tar err x package/lib/modules/table.js
silly tar err x package/lib/modules/tree.js
silly asyncMap in gTP /Users/craig/.npm/celeri/0.1.0/___package.npm/package
silly asyncMap in gTP /Users/craig/.npm/celeri/0.1.0/___package.npm/package/.cupboard
silly asyncMap in gTP /Users/craig/.npm/celeri/0.1.0/___package.npm/package/.cupboard (minimacblack's conflicted copy 2011-11-04)
silly asyncMap in gTP /Users/craig/.npm/celeri/0.1.0/___package.npm/package/.gitignore
silly asyncMap in gTP /Users/craig/.npm/celeri/0.1.0/___package.npm/package/MIT-LICENSE.txt
silly asyncMap in gTP /Users/craig/.npm/celeri/0.1.0/___package.npm/package/package.json
silly asyncMap in gTP /Users/craig/.npm/celeri/0.1.0/___package.npm/package/README.md
silly asyncMap in gTP /Users/craig/.npm/celeri/0.1.0/___package.npm/package/examples
silly asyncMap in gTP /Users/craig/.npm/celeri/0.1.0/___package.npm/package/examples/auth.js
silly asyncMap in gTP /Users/craig/.npm/celeri/0.1.0/___package.npm/package/examples/authadv.js
silly asyncMap in gTP /Users/craig/.npm/celeri/0.1.0/___package.npm/package/examples/confirm.js
silly asyncMap in gTP /Users/craig/.npm/celeri/0.1.0/___package.npm/package/examples/exec.js
silly asyncMap in gTP /Users/craig/.npm/celeri/0.1.0/___package.npm/package/examples/hello.js
silly asyncMap in gTP /Users/craig/.npm/celeri/0.1.0/___package.npm/package/examples/hello2.js
silly asyncMap in gTP /Users/craig/.npm/celeri/0.1.0/___package.npm/package/examples/table.js
silly asyncMap in gTP /Users/craig/.npm/celeri/0.1.0/___package.npm/package/examples/tree.js
silly asyncMap in gTP /Users/craig/.npm/celeri/0.1.0/___package.npm/package/images
silly asyncMap in gTP /Users/craig/.npm/celeri/0.1.0/___package.npm/package/images/screen.png
silly asyncMap in gTP /Users/craig/.npm/celeri/0.1.0/___package.npm/package/lib
silly asyncMap in gTP /Users/craig/.npm/celeri/0.1.0/___package.npm/package/lib/index.js
silly asyncMap in gTP /Users/craig/.npm/celeri/0.1.0/___package.npm/package/lib/utils.js
silly asyncMap in gTP /Users/craig/.npm/celeri/0.1.0/___package.npm/package/lib/modules
silly asyncMap in gTP /Users/craig/.npm/celeri/0.1.0/___package.npm/package/lib/modules/auth.js
silly asyncMap in gTP /Users/craig/.npm/celeri/0.1.0/___package.npm/package/lib/modules/backspace.js
silly asyncMap in gTP /Users/craig/.npm/celeri/0.1.0/___package.npm/package/lib/modules/confirm.js
silly asyncMap in gTP /Users/craig/.npm/celeri/0.1.0/___package.npm/package/lib/modules/enter.js
silly asyncMap in gTP /Users/craig/.npm/celeri/0.1.0/___package.npm/package/lib/modules/exec.js
silly asyncMap in gTP /Users/craig/.npm/celeri/0.1.0/___package.npm/package/lib/modules/help.js
silly asyncMap in gTP /Users/craig/.npm/celeri/0.1.0/___package.npm/package/lib/modules/history.js
silly asyncMap in gTP /Users/craig/.npm/celeri/0.1.0/___package.npm/package/lib/modules/loading.js
silly asyncMap in gTP /Users/craig/.npm/celeri/0.1.0/___package.npm/package/lib/modules/nav.js
silly asyncMap in gTP /Users/craig/.npm/celeri/0.1.0/___package.npm/package/lib/modules/password.js
silly asyncMap in gTP /Users/craig/.npm/celeri/0.1.0/___package.npm/package/lib/modules/progress.js
silly asyncMap in gTP /Users/craig/.npm/celeri/0.1.0/___package.npm/package/lib/modules/prompt.js
silly asyncMap in gTP /Users/craig/.npm/celeri/0.1.0/___package.npm/package/lib/modules/quit.js
silly asyncMap in gTP /Users/craig/.npm/celeri/0.1.0/___package.npm/package/lib/modules/section.js
silly asyncMap in gTP /Users/craig/.npm/celeri/0.1.0/___package.npm/package/lib/modules/table.js
silly asyncMap in gTP /Users/craig/.npm/celeri/0.1.0/___package.npm/package/lib/modules/tree.js
verbose gunzed /Users/craig/.npm/celeri/0.1.0/___package.npm/package
verbose rm'ed /Users/craig/.npm/celeri/0.1.0/package
verbose renamed [ '/Users/craig/.npm/celeri/0.1.0/___package.npm/package',
verbose renamed   '/Users/craig/.npm/celeri/0.1.0/package' ]
silly testEngine { name: 'celeri',
silly testEngine   description: 'CLI lib',
silly testEngine   version: '0.1.0',
silly testEngine   author: { name: 'Craig Condon' },
silly testEngine   repository: 
silly testEngine    { type: 'git',
silly testEngine      url: 'git://github.com/spiceapps/celeri.git' },
silly testEngine   directories: { lib: './lib' },
silly testEngine   dependencies: { structr: '0.0.10', beanpole: '*', colors: '*' },
silly testEngine   main: './lib/index.js',
silly testEngine   _npmUser: { name: 'architectd', email: 'craig@spiceapps.com' },
silly testEngine   _id: 'celeri@0.1.0',
silly testEngine   devDependencies: {},
silly testEngine   engines: { node: '*' },
silly testEngine   _engineSupported: true,
silly testEngine   _npmVersion: '1.0.103',
silly testEngine   _nodeVersion: 'v0.4.12',
silly testEngine   _defaultsLoaded: true,
silly testEngine   dist: 
silly testEngine    { shasum: '6f8b485beec6eebc80c2fec3530054139e4794d3',
silly testEngine      tarball: 'http://registry.npmjs.org/celeri/-/celeri-0.1.0.tgz' } }
verbose caching /Users/craig/.npm/celeri/0.1.0/package/package.json
verbose loadDefaults celeri@0.1.0
silly updated sha bytes 40960
silly updated sha bytes 20480
info shasum 2e91eefd9c60fc1d6c7c5b1b5e59358576202001
info shasum /Users/craig/.npm/celeri/0.1.0/package.tgz
verbose from cache /Users/craig/.npm/celeri/0.1.0/package/package.json
verbose chmod /Users/craig/.npm/celeri/0.1.0/package.tgz 644
verbose chown [ '/Users/craig/.npm/celeri/0.1.0/package.tgz',
verbose chown   501,
verbose chown   20 ]
silly publish { name: 'celeri',
silly publish   description: 'CLI lib',
silly publish   version: '0.1.0',
silly publish   author: { name: 'Craig Condon' },
silly publish   repository: 
silly publish    { type: 'git',
silly publish      url: 'git://github.com/spiceapps/celeri.git' },
silly publish   directories: { lib: './lib' },
silly publish   dependencies: { structr: '0.0.10', beanpole: '*', colors: '*' },
silly publish   main: './lib/index.js',
silly publish   _npmUser: { name: 'architectd', email: 'craig@spiceapps.com' },
silly publish   _id: 'celeri@0.1.0',
silly publish   devDependencies: {},
silly publish   engines: { node: '*' },
silly publish   _engineSupported: true,
silly publish   _npmVersion: '1.0.103',
silly publish   _nodeVersion: 'v0.4.12',
silly publish   _defaultsLoaded: true,
silly publish   dist: 
silly publish    { shasum: '6f8b485beec6eebc80c2fec3530054139e4794d3',
silly publish      tarball: 'http://registry.npmjs.org/celeri/-/celeri-0.1.0.tgz' } }
verbose PUT celeri
verbose raw, before any munging celeri
verbose url resolving [ 'https://registry.npmjs.org/', './celeri' ]
verbose url resolved https://registry.npmjs.org/celeri
verbose GET celeri
verbose raw, before any munging celeri
verbose url resolving [ 'https://registry.npmjs.org/', './celeri' ]
verbose url resolved https://registry.npmjs.org/celeri
info Already published celeri@0.1.0
verbose uploading bin dists []
WARN publish Forced publish over celeri@0.1.0
verbose GET celeri
verbose raw, before any munging celeri
verbose url resolving [ 'https://registry.npmjs.org/', './celeri' ]
verbose url resolved https://registry.npmjs.org/celeri
silly get cb [ 200,
silly get cb   { vary: 'Accept',
silly get cb     server: 'CouchDB/1.1.1 (Erlang OTP/R14B04)',
silly get cb     etag: '"E6O1U9P6JSMM7K2ILPJQ0JXGT"',
silly get cb     date: 'Sat, 05 Nov 2011 20:57:53 GMT',
silly get cb     'content-type': 'application/json',
silly get cb     'content-length': '6752' } ]
verbose removing attachments { shasum: '81c555ee6f152142e0190c84fefa1c3fcb797a19',
verbose removing attachments   tarball: 'http://registry.npmjs.org/celeri/-/celeri-0.1.0.tgz' }
verbose PUT celeri/-rev/73-a852663671f3f065e94963127a189fc1
verbose raw, before any munging celeri/-rev/73-a852663671f3f065e94963127a189fc1
verbose url resolving [ 'https://registry.npmjs.org/',
verbose url resolving   './celeri/-rev/73-a852663671f3f065e94963127a189fc1' ]
verbose url resolved https://registry.npmjs.org/celeri/-rev/73-a852663671f3f065e94963127a189fc1
verbose GET celeri
verbose raw, before any munging celeri
verbose url resolving [ 'https://registry.npmjs.org/', './celeri' ]
verbose url resolved https://registry.npmjs.org/celeri
silly get cb [ 200,
silly get cb   { vary: 'Accept',
silly get cb     server: 'CouchDB/1.1.1 (Erlang OTP/R14B04)',
silly get cb     etag: '"MLJPFVVL0SAGZWXOBPQDLHKB"',
silly get cb     date: 'Sat, 05 Nov 2011 20:57:54 GMT',
silly get cb     'content-type': 'application/json',
silly get cb     'content-length': '5999' } ]
info detach /celeri/-/celeri-0.1.0.tgz/-rev/74-1ec839d2c2b5a70866919e2ad520a12b
verbose DELETE /celeri/-/celeri-0.1.0.tgz/-rev/74-1ec839d2c2b5a70866919e2ad520a12b
verbose raw, before any munging /celeri/-/celeri-0.1.0.tgz/-rev/74-1ec839d2c2b5a70866919e2ad520a12b
verbose url resolving [ 'https://registry.npmjs.org/',
verbose url resolving   './celeri/-/celeri-0.1.0.tgz/-rev/74-1ec839d2c2b5a70866919e2ad520a12b' ]
verbose url resolved https://registry.npmjs.org/celeri/-/celeri-0.1.0.tgz/-rev/74-1ec839d2c2b5a70866919e2ad520a12b
verbose publish [ '.' ]
verbose from cache /Users/craig/Dropbox/Developer/Public/celeri/package.json
info prepublish celeri@0.1.0
verbose cache add [ '.', null ]
silly cache add: name, spec, args [ undefined, '.', [ '.', null ] ]
verbose parsed url { pathname: '.', href: '.' }
verbose from cache package.json
verbose pack /Users/craig/Dropbox/Developer/Public/celeri /var/folders/n1/r96x64mx6jzcbzkbz1ddrw6r0000gn/T/npm-1320526663081/1320526672771-0.4632639763876796/tmp.tgz
verbose mkdir (expected) error ENOENT, No such file or directory '/var/folders/n1/r96x64mx6jzcbzkbz1ddrw6r0000gn/T/npm-1320526663081/1320526672771-0.4632639763876796'
verbose mkdir done: /var/folders/n1/r96x64mx6jzcbzkbz1ddrw6r0000gn/T/npm-1320526663081/1320526672771-0.4632639763876796 755
verbose mkdir'ed /var/folders/n1/r96x64mx6jzcbzkbz1ddrw6r0000gn/T/npm-1320526663081/1320526672771-0.4632639763876796
verbose tar about to write tar and gzip it.
silly tar args [ '-czvf', '-', '-T', '-' ]
silly spawning [ 'tar',
silly spawning   [ '-czvf', '-', '-T', '-' ],
silly spawning   '/Users/craig/Dropbox/Developer/Public' ]
verbose mkdir (expected) error ENOENT, No such file or directory '/var/folders/n1/r96x64mx6jzcbzkbz1ddrw6r0000gn/T/npm-1320526663081/1320526672771-0.4632639763876796/contents'
verbose mkdir (expected) error ENOENT, No such file or directory '/var/folders/n1/r96x64mx6jzcbzkbz1ddrw6r0000gn/T/npm-1320526663081/1320526672771-0.4632639763876796/contents/___package.npm'
verbose mkdir done: /var/folders/n1/r96x64mx6jzcbzkbz1ddrw6r0000gn/T/npm-1320526663081/1320526672771-0.4632639763876796/contents/___package.npm 755
verbose unpack_ uid, gid [ undefined, undefined ]
verbose unpackTarget /var/folders/n1/r96x64mx6jzcbzkbz1ddrw6r0000gn/T/npm-1320526663081/1320526672771-0.4632639763876796/contents/package
silly gunzTarPerm modes [ '755', '644' ]
silly spawning [ 'tar',
silly spawning   [ '-zmvxpf',
silly spawning     '/var/folders/n1/r96x64mx6jzcbzkbz1ddrw6r0000gn/T/npm-1320526663081/1320526672771-0.4632639763876796/tmp.tgz',
silly spawning     '-o' ],
silly spawning   '/var/folders/n1/r96x64mx6jzcbzkbz1ddrw6r0000gn/T/npm-1320526663081/1320526672771-0.4632639763876796/contents/___package.npm' ]
silly tar err x celeri/.cupboard
silly tar err x celeri/.cupboard (minimacblack's conflicted copy 2011-11-04)
silly tar err x celeri/.gitignore
silly tar err x celeri/MIT-LICENSE.txt
silly tar err x celeri/package.json
silly tar err x celeri/README.md
silly tar err x celeri/examples/auth.js
silly tar err x celeri/examples/authadv.js
silly tar err x celeri/examples/confirm.js
silly tar err x celeri/examples/exec.js
silly tar err x celeri/examples/hello.js
silly tar err x celeri/examples/hello2.js
silly tar err x celeri/examples/table.js
silly tar err x celeri/examples/tree.js
silly tar err x celeri/images/screen.png
silly tar err x celeri/lib/index.js
silly tar err x celeri/lib/utils.js
silly tar err x celeri/lib/modules/auth.js
silly tar err x celeri/lib/modules/backspace.js
silly tar err x celeri/lib/modules/confirm.js
silly tar err x celeri/lib/modules/enter.js
silly tar err x celeri/lib/modules/exec.js
silly tar err x celeri/lib/modules/help.js
silly tar err x celeri/lib/modules/history.js
silly tar err x celeri/lib/modules/loading.js
silly tar err x celeri/lib/modules/nav.js
silly tar err x celeri/lib/modules/password.js
silly tar err x celeri/lib/modules/progress.js
silly tar err x celeri/lib/modules/prompt.js
silly tar err x celeri/lib/modules/quit.js
silly tar err x celeri/lib/modules/section.js
silly tar err x celeri/lib/modules/table.js
silly tar err x celeri/lib/modules/tree.js
silly asyncMap in gTP /var/folders/n1/r96x64mx6jzcbzkbz1ddrw6r0000gn/T/npm-1320526663081/1320526672771-0.4632639763876796/contents/___package.npm/celeri
silly asyncMap in gTP /var/folders/n1/r96x64mx6jzcbzkbz1ddrw6r0000gn/T/npm-1320526663081/1320526672771-0.4632639763876796/contents/___package.npm/celeri/.cupboard
silly asyncMap in gTP /var/folders/n1/r96x64mx6jzcbzkbz1ddrw6r0000gn/T/npm-1320526663081/1320526672771-0.4632639763876796/contents/___package.npm/celeri/.cupboard (minimacblack's conflicted copy 2011-11-04)
silly asyncMap in gTP /var/folders/n1/r96x64mx6jzcbzkbz1ddrw6r0000gn/T/npm-1320526663081/1320526672771-0.4632639763876796/contents/___package.npm/celeri/.gitignore
silly asyncMap in gTP /var/folders/n1/r96x64mx6jzcbzkbz1ddrw6r0000gn/T/npm-1320526663081/1320526672771-0.4632639763876796/contents/___package.npm/celeri/package.json
silly asyncMap in gTP /var/folders/n1/r96x64mx6jzcbzkbz1ddrw6r0000gn/T/npm-1320526663081/1320526672771-0.4632639763876796/contents/___package.npm/celeri/README.md
silly asyncMap in gTP /var/folders/n1/r96x64mx6jzcbzkbz1ddrw6r0000gn/T/npm-1320526663081/1320526672771-0.4632639763876796/contents/___package.npm/celeri/MIT-LICENSE.txt
silly asyncMap in gTP /var/folders/n1/r96x64mx6jzcbzkbz1ddrw6r0000gn/T/npm-1320526663081/1320526672771-0.4632639763876796/contents/___package.npm/celeri/examples
silly asyncMap in gTP /var/folders/n1/r96x64mx6jzcbzkbz1ddrw6r0000gn/T/npm-1320526663081/1320526672771-0.4632639763876796/contents/___package.npm/celeri/examples/auth.js
silly asyncMap in gTP /var/folders/n1/r96x64mx6jzcbzkbz1ddrw6r0000gn/T/npm-1320526663081/1320526672771-0.4632639763876796/contents/___package.npm/celeri/examples/authadv.js
silly asyncMap in gTP /var/folders/n1/r96x64mx6jzcbzkbz1ddrw6r0000gn/T/npm-1320526663081/1320526672771-0.4632639763876796/contents/___package.npm/celeri/examples/confirm.js
silly asyncMap in gTP /var/folders/n1/r96x64mx6jzcbzkbz1ddrw6r0000gn/T/npm-1320526663081/1320526672771-0.4632639763876796/contents/___package.npm/celeri/examples/exec.js
silly asyncMap in gTP /var/folders/n1/r96x64mx6jzcbzkbz1ddrw6r0000gn/T/npm-1320526663081/1320526672771-0.4632639763876796/contents/___package.npm/celeri/examples/hello.js
silly asyncMap in gTP /var/folders/n1/r96x64mx6jzcbzkbz1ddrw6r0000gn/T/npm-1320526663081/1320526672771-0.4632639763876796/contents/___package.npm/celeri/examples/hello2.js
silly asyncMap in gTP /var/folders/n1/r96x64mx6jzcbzkbz1ddrw6r0000gn/T/npm-1320526663081/1320526672771-0.4632639763876796/contents/___package.npm/celeri/examples/table.js
silly asyncMap in gTP /var/folders/n1/r96x64mx6jzcbzkbz1ddrw6r0000gn/T/npm-1320526663081/1320526672771-0.4632639763876796/contents/___package.npm/celeri/examples/tree.js
silly asyncMap in gTP /var/folders/n1/r96x64mx6jzcbzkbz1ddrw6r0000gn/T/npm-1320526663081/1320526672771-0.4632639763876796/contents/___package.npm/celeri/images
silly asyncMap in gTP /var/folders/n1/r96x64mx6jzcbzkbz1ddrw6r0000gn/T/npm-1320526663081/1320526672771-0.4632639763876796/contents/___package.npm/celeri/images/screen.png
silly asyncMap in gTP /var/folders/n1/r96x64mx6jzcbzkbz1ddrw6r0000gn/T/npm-1320526663081/1320526672771-0.4632639763876796/contents/___package.npm/celeri/lib
silly asyncMap in gTP /var/folders/n1/r96x64mx6jzcbzkbz1ddrw6r0000gn/T/npm-1320526663081/1320526672771-0.4632639763876796/contents/___package.npm/celeri/lib/index.js
silly asyncMap in gTP /var/folders/n1/r96x64mx6jzcbzkbz1ddrw6r0000gn/T/npm-1320526663081/1320526672771-0.4632639763876796/contents/___package.npm/celeri/lib/utils.js
silly asyncMap in gTP /var/folders/n1/r96x64mx6jzcbzkbz1ddrw6r0000gn/T/npm-1320526663081/1320526672771-0.4632639763876796/contents/___package.npm/celeri/lib/modules
silly asyncMap in gTP /var/folders/n1/r96x64mx6jzcbzkbz1ddrw6r0000gn/T/npm-1320526663081/1320526672771-0.4632639763876796/contents/___package.npm/celeri/lib/modules/auth.js
silly asyncMap in gTP /var/folders/n1/r96x64mx6jzcbzkbz1ddrw6r0000gn/T/npm-1320526663081/1320526672771-0.4632639763876796/contents/___package.npm/celeri/lib/modules/backspace.js
silly asyncMap in gTP /var/folders/n1/r96x64mx6jzcbzkbz1ddrw6r0000gn/T/npm-1320526663081/1320526672771-0.4632639763876796/contents/___package.npm/celeri/lib/modules/confirm.js
silly asyncMap in gTP /var/folders/n1/r96x64mx6jzcbzkbz1ddrw6r0000gn/T/npm-1320526663081/1320526672771-0.4632639763876796/contents/___package.npm/celeri/lib/modules/enter.js
silly asyncMap in gTP /var/folders/n1/r96x64mx6jzcbzkbz1ddrw6r0000gn/T/npm-1320526663081/1320526672771-0.4632639763876796/contents/___package.npm/celeri/lib/modules/exec.js
silly asyncMap in gTP /var/folders/n1/r96x64mx6jzcbzkbz1ddrw6r0000gn/T/npm-1320526663081/1320526672771-0.4632639763876796/contents/___package.npm/celeri/lib/modules/help.js
silly asyncMap in gTP /var/folders/n1/r96x64mx6jzcbzkbz1ddrw6r0000gn/T/npm-1320526663081/1320526672771-0.4632639763876796/contents/___package.npm/celeri/lib/modules/history.js
silly asyncMap in gTP /var/folders/n1/r96x64mx6jzcbzkbz1ddrw6r0000gn/T/npm-1320526663081/1320526672771-0.4632639763876796/contents/___package.npm/celeri/lib/modules/loading.js
silly asyncMap in gTP /var/folders/n1/r96x64mx6jzcbzkbz1ddrw6r0000gn/T/npm-1320526663081/1320526672771-0.4632639763876796/contents/___package.npm/celeri/lib/modules/nav.js
silly asyncMap in gTP /var/folders/n1/r96x64mx6jzcbzkbz1ddrw6r0000gn/T/npm-1320526663081/1320526672771-0.4632639763876796/contents/___package.npm/celeri/lib/modules/password.js
silly asyncMap in gTP /var/folders/n1/r96x64mx6jzcbzkbz1ddrw6r0000gn/T/npm-1320526663081/1320526672771-0.4632639763876796/contents/___package.npm/celeri/lib/modules/progress.js
silly asyncMap in gTP /var/folders/n1/r96x64mx6jzcbzkbz1ddrw6r0000gn/T/npm-1320526663081/1320526672771-0.4632639763876796/contents/___package.npm/celeri/lib/modules/prompt.js
silly asyncMap in gTP /var/folders/n1/r96x64mx6jzcbzkbz1ddrw6r0000gn/T/npm-1320526663081/1320526672771-0.4632639763876796/contents/___package.npm/celeri/lib/modules/quit.js
silly asyncMap in gTP /var/folders/n1/r96x64mx6jzcbzkbz1ddrw6r0000gn/T/npm-1320526663081/1320526672771-0.4632639763876796/contents/___package.npm/celeri/lib/modules/section.js
silly asyncMap in gTP /var/folders/n1/r96x64mx6jzcbzkbz1ddrw6r0000gn/T/npm-1320526663081/1320526672771-0.4632639763876796/contents/___package.npm/celeri/lib/modules/table.js
silly asyncMap in gTP /var/folders/n1/r96x64mx6jzcbzkbz1ddrw6r0000gn/T/npm-1320526663081/1320526672771-0.4632639763876796/contents/___package.npm/celeri/lib/modules/tree.js
silly chmod .gitignore 755
silly chmod README.md 755
silly chmod package.json 755
silly chmod MIT-LICENSE.txt 755
silly chmod auth.js 755
silly chmod authadv.js 755
silly chmod confirm.js 755
silly chmod exec.js 755
silly chmod hello.js 755
silly chmod hello2.js 755
silly chmod table.js 755
silly chmod tree.js 755
silly chmod screen.png 755
silly chmod index.js 755
silly chmod utils.js 755
silly chmod auth.js 755
silly chmod backspace.js 755
silly chmod confirm.js 755
silly chmod enter.js 755
silly chmod exec.js 755
silly chmod help.js 755
silly chmod history.js 755
silly chmod loading.js 755
silly chmod nav.js 755
silly chmod password.js 755
silly chmod prompt.js 755
silly chmod progress.js 755
silly chmod quit.js 755
silly chmod section.js 755
silly chmod table.js 755
silly chmod tree.js 755
verbose gunzed /var/folders/n1/r96x64mx6jzcbzkbz1ddrw6r0000gn/T/npm-1320526663081/1320526672771-0.4632639763876796/contents/___package.npm/celeri
verbose rm'ed /var/folders/n1/r96x64mx6jzcbzkbz1ddrw6r0000gn/T/npm-1320526663081/1320526672771-0.4632639763876796/contents/package
verbose renamed [ '/var/folders/n1/r96x64mx6jzcbzkbz1ddrw6r0000gn/T/npm-1320526663081/1320526672771-0.4632639763876796/contents/___package.npm/celeri',
verbose renamed   '/var/folders/n1/r96x64mx6jzcbzkbz1ddrw6r0000gn/T/npm-1320526663081/1320526672771-0.4632639763876796/contents/package' ]
silly testEngine { name: 'celeri',
silly testEngine   description: 'CLI lib',
silly testEngine   version: '0.1.0',
silly testEngine   author: { name: 'Craig Condon' },
silly testEngine   repository: 
silly testEngine    { type: 'git',
silly testEngine      url: 'git://github.com/spiceapps/celeri.git' },
silly testEngine   directories: { lib: './lib' },
silly testEngine   dependencies: { structr: '0.0.10', beanpole: '*', colors: '*' },
silly testEngine   main: './lib/index.js',
silly testEngine   _npmUser: { name: 'architectd', email: 'craig@spiceapps.com' },
silly testEngine   _id: 'celeri@0.1.0',
silly testEngine   devDependencies: {},
silly testEngine   engines: { node: '*' },
silly testEngine   _engineSupported: true,
silly testEngine   _npmVersion: '1.0.103',
silly testEngine   _nodeVersion: 'v0.4.12',
silly testEngine   _defaultsLoaded: true,
silly testEngine   path: '/var/folders/n1/r96x64mx6jzcbzkbz1ddrw6r0000gn/T/npm-1320526663081/1320526672771-0.4632639763876796/contents/package' }
verbose caching /var/folders/n1/r96x64mx6jzcbzkbz1ddrw6r0000gn/T/npm-1320526663081/1320526672771-0.4632639763876796/contents/package/package.json
verbose loadDefaults celeri@0.1.0
verbose tarball contents [ 'package' ]
verbose from cache /var/folders/n1/r96x64mx6jzcbzkbz1ddrw6r0000gn/T/npm-1320526663081/1320526672771-0.4632639763876796/contents/package/package.json
verbose pack /var/folders/n1/r96x64mx6jzcbzkbz1ddrw6r0000gn/T/npm-1320526663081/1320526672771-0.4632639763876796/contents/package /Users/craig/.npm/celeri/0.1.0/package.tgz
verbose mkdir (expected) error ENOENT, No such file or directory '/Users/craig/.npm/celeri/0.1.0'
verbose mkdir done: /Users/craig/.npm/celeri/0.1.0 755
verbose mkdir'ed /Users/craig/.npm/celeri/0.1.0
verbose tar about to write tar and gzip it.
silly tar args [ '-czvf', '-', '-T', '-' ]
silly spawning [ 'tar',
silly spawning   [ '-czvf', '-', '-T', '-' ],
silly spawning   '/var/folders/n1/r96x64mx6jzcbzkbz1ddrw6r0000gn/T/npm-1320526663081/1320526672771-0.4632639763876796/contents' ]
verbose mkdir (expected) error ENOENT, No such file or directory '/Users/craig/.npm/celeri/0.1.0/___package.npm'
verbose mkdir done: /Users/craig/.npm/celeri/0.1.0/___package.npm 755
verbose unpack_ uid, gid [ undefined, undefined ]
verbose unpackTarget /Users/craig/.npm/celeri/0.1.0/package
silly gunzTarPerm modes [ '755', '644' ]
silly spawning [ 'tar',
silly spawning   [ '-zmvxpf',
silly spawning     '/Users/craig/.npm/celeri/0.1.0/package.tgz',
silly spawning     '-o' ],
silly spawning   '/Users/craig/.npm/celeri/0.1.0/___package.npm' ]
silly tar err x package/.cupboard
silly tar err x package/.cupboard (minimacblack's conflicted copy 2011-11-04)
silly tar err x package/.gitignore
silly tar err x package/MIT-LICENSE.txt
silly tar err x package/package.json
silly tar err x package/README.md
silly tar err x package/examples/auth.js
silly tar err x package/examples/authadv.js
silly tar err x package/examples/confirm.js
silly tar err x package/examples/exec.js
silly tar err x package/examples/hello.js
silly tar err x package/examples/hello2.js
silly tar err x package/examples/table.js
silly tar err x package/examples/tree.js
silly tar err x package/images/screen.png
silly tar err x package/lib/index.js
silly tar err x package/lib/utils.js
silly tar err x package/lib/modules/auth.js
silly tar err x package/lib/modules/backspace.js
silly tar err x package/lib/modules/confirm.js
silly tar err x package/lib/modules/enter.js
silly tar err x package/lib/modules/exec.js
silly tar err x package/lib/modules/help.js
silly tar err x package/lib/modules/history.js
silly tar err x package/lib/modules/loading.js
silly tar err x package/lib/modules/nav.js
silly tar err x package/lib/modules/password.js
silly tar err x package/lib/modules/progress.js
silly tar err x package/lib/modules/prompt.js
silly tar err x package/lib/modules/quit.js
silly tar err x package/lib/modules/section.js
silly tar err x package/lib/modules/table.js
silly tar err x package/lib/modules/tree.js
silly asyncMap in gTP /Users/craig/.npm/celeri/0.1.0/___package.npm/package
silly asyncMap in gTP /Users/craig/.npm/celeri/0.1.0/___package.npm/package/.cupboard
silly asyncMap in gTP /Users/craig/.npm/celeri/0.1.0/___package.npm/package/.cupboard (minimacblack's conflicted copy 2011-11-04)
silly asyncMap in gTP /Users/craig/.npm/celeri/0.1.0/___package.npm/package/.gitignore
silly asyncMap in gTP /Users/craig/.npm/celeri/0.1.0/___package.npm/package/MIT-LICENSE.txt
silly asyncMap in gTP /Users/craig/.npm/celeri/0.1.0/___package.npm/package/package.json
silly asyncMap in gTP /Users/craig/.npm/celeri/0.1.0/___package.npm/package/README.md
silly asyncMap in gTP /Users/craig/.npm/celeri/0.1.0/___package.npm/package/examples
silly asyncMap in gTP /Users/craig/.npm/celeri/0.1.0/___package.npm/package/examples/auth.js
silly asyncMap in gTP /Users/craig/.npm/celeri/0.1.0/___package.npm/package/examples/authadv.js
silly asyncMap in gTP /Users/craig/.npm/celeri/0.1.0/___package.npm/package/examples/confirm.js
silly asyncMap in gTP /Users/craig/.npm/celeri/0.1.0/___package.npm/package/examples/exec.js
silly asyncMap in gTP /Users/craig/.npm/celeri/0.1.0/___package.npm/package/examples/hello.js
silly asyncMap in gTP /Users/craig/.npm/celeri/0.1.0/___package.npm/package/examples/hello2.js
silly asyncMap in gTP /Users/craig/.npm/celeri/0.1.0/___package.npm/package/examples/table.js
silly asyncMap in gTP /Users/craig/.npm/celeri/0.1.0/___package.npm/package/examples/tree.js
silly asyncMap in gTP /Users/craig/.npm/celeri/0.1.0/___package.npm/package/images
silly asyncMap in gTP /Users/craig/.npm/celeri/0.1.0/___package.npm/package/images/screen.png
silly asyncMap in gTP /Users/craig/.npm/celeri/0.1.0/___package.npm/package/lib
silly asyncMap in gTP /Users/craig/.npm/celeri/0.1.0/___package.npm/package/lib/index.js
silly asyncMap in gTP /Users/craig/.npm/celeri/0.1.0/___package.npm/package/lib/utils.js
silly asyncMap in gTP /Users/craig/.npm/celeri/0.1.0/___package.npm/package/lib/modules
silly asyncMap in gTP /Users/craig/.npm/celeri/0.1.0/___package.npm/package/lib/modules/auth.js
silly asyncMap in gTP /Users/craig/.npm/celeri/0.1.0/___package.npm/package/lib/modules/backspace.js
silly asyncMap in gTP /Users/craig/.npm/celeri/0.1.0/___package.npm/package/lib/modules/confirm.js
silly asyncMap in gTP /Users/craig/.npm/celeri/0.1.0/___package.npm/package/lib/modules/enter.js
silly asyncMap in gTP /Users/craig/.npm/celeri/0.1.0/___package.npm/package/lib/modules/exec.js
silly asyncMap in gTP /Users/craig/.npm/celeri/0.1.0/___package.npm/package/lib/modules/help.js
silly asyncMap in gTP /Users/craig/.npm/celeri/0.1.0/___package.npm/package/lib/modules/history.js
silly asyncMap in gTP /Users/craig/.npm/celeri/0.1.0/___package.npm/package/lib/modules/loading.js
silly asyncMap in gTP /Users/craig/.npm/celeri/0.1.0/___package.npm/package/lib/modules/nav.js
silly asyncMap in gTP /Users/craig/.npm/celeri/0.1.0/___package.npm/package/lib/modules/password.js
silly asyncMap in gTP /Users/craig/.npm/celeri/0.1.0/___package.npm/package/lib/modules/progress.js
silly asyncMap in gTP /Users/craig/.npm/celeri/0.1.0/___package.npm/package/lib/modules/prompt.js
silly asyncMap in gTP /Users/craig/.npm/celeri/0.1.0/___package.npm/package/lib/modules/quit.js
silly asyncMap in gTP /Users/craig/.npm/celeri/0.1.0/___package.npm/package/lib/modules/section.js
silly asyncMap in gTP /Users/craig/.npm/celeri/0.1.0/___package.npm/package/lib/modules/table.js
silly asyncMap in gTP /Users/craig/.npm/celeri/0.1.0/___package.npm/package/lib/modules/tree.js
verbose gunzed /Users/craig/.npm/celeri/0.1.0/___package.npm/package
verbose rm'ed /Users/craig/.npm/celeri/0.1.0/package
verbose renamed [ '/Users/craig/.npm/celeri/0.1.0/___package.npm/package',
verbose renamed   '/Users/craig/.npm/celeri/0.1.0/package' ]
verbose from cache /Users/craig/.npm/celeri/0.1.0/package/package.json
silly updated sha bytes 40960
silly updated sha bytes 20480
info shasum 6f8b485beec6eebc80c2fec3530054139e4794d3
info shasum /Users/craig/.npm/celeri/0.1.0/package.tgz
verbose from cache /Users/craig/.npm/celeri/0.1.0/package/package.json
verbose chmod /Users/craig/.npm/celeri/0.1.0/package.tgz 644
verbose chown [ '/Users/craig/.npm/celeri/0.1.0/package.tgz',
verbose chown   501,
verbose chown   20 ]
silly publish { name: 'celeri',
silly publish   description: 'CLI lib',
silly publish   version: '0.1.0',
silly publish   author: { name: 'Craig Condon' },
silly publish   repository: 
silly publish    { type: 'git',
silly publish      url: 'git://github.com/spiceapps/celeri.git' },
silly publish   directories: { lib: './lib' },
silly publish   dependencies: { structr: '0.0.10', beanpole: '*', colors: '*' },
silly publish   main: './lib/index.js',
silly publish   _npmUser: { name: 'architectd', email: 'craig@spiceapps.com' },
silly publish   _id: 'celeri@0.1.0',
silly publish   devDependencies: {},
silly publish   engines: { node: '*' },
silly publish   _engineSupported: true,
silly publish   _npmVersion: '1.0.103',
silly publish   _nodeVersion: 'v0.4.12',
silly publish   _defaultsLoaded: true,
silly publish   dist: 
silly publish    { shasum: '6f8b485beec6eebc80c2fec3530054139e4794d3',
silly publish      tarball: 'http://registry.npmjs.org/celeri/-/celeri-0.1.0.tgz' } }
verbose PUT celeri
verbose raw, before any munging celeri
verbose url resolving [ 'https://registry.npmjs.org/', './celeri' ]
verbose url resolved https://registry.npmjs.org/celeri
verbose GET celeri
verbose raw, before any munging celeri
verbose url resolving [ 'https://registry.npmjs.org/', './celeri' ]
verbose url resolved https://registry.npmjs.org/celeri
verbose PUT celeri/0.1.0/-tag/latest
verbose raw, before any munging celeri/0.1.0/-tag/latest
verbose url resolving [ 'https://registry.npmjs.org/',
verbose url resolving   './celeri/0.1.0/-tag/latest' ]
verbose url resolved https://registry.npmjs.org/celeri/0.1.0/-tag/latest
ERR! Error sending version data
ERR! Error: forbidden _npmUser must be a current maintainer.
ERR! maintainers=[{"name":"architectd","email":"craig.j.condon@gmail.com"}]
ERR! current user={"name":"architectd","email":"craig.j.condon@gmail.com"}: celeri/0.1.0/-tag/latest
ERR!     at Request.callback (/usr/local/lib/node_modules/npm/lib/utils/npm-registry-client/request.js:181:12)
ERR!     at Request.<anonymous> (/usr/local/lib/node_modules/npm/node_modules/request/main.js:346:18)
ERR!     at Request.emit (events.js:64:17)
ERR!     at IncomingMessage.<anonymous> (/usr/local/lib/node_modules/npm/node_modules/request/main.js:314:16)
ERR!     at IncomingMessage.emit (events.js:81:20)
ERR!     at HTTPParser.onMessageComplete (http.js:133:23)
ERR!     at CleartextStream.ondata (http.js:1231:22)
ERR!     at CleartextStream._push (tls.js:303:27)
ERR!     at SecurePair.cycle (tls.js:577:20)
ERR!     at EncryptedStream.write (tls.js:96:13)
ERR! Report this *entire* log at:
ERR!     <http://github.com/isaacs/npm/issues>
ERR! or email it to:
ERR!     <npm-@googlegroups.com>
ERR! 
ERR! System Darwin 11.2.0
ERR! command "node" "/usr/local/bin/npm" "publish" "--force"
ERR! cwd /Users/craig/Dropbox/Developer/Public/celeri
ERR! node -v v0.4.12
ERR! npm -v 1.0.103
verbose exit [ 1, true ]
